0 info it worked if it ends with ok
1 verbose cli [ '/Users/kimsungkuk/.meteor/packages/meteor-tool/.1.4.1_3.1g33alb++os.osx.x86_64+web.browser+web.cordova/mt-os.osx.x86_64/dev_bundle/bin/node',
1 verbose cli   '/Users/kimsungkuk/.meteor/packages/meteor-tool/.1.4.1_3.1g33alb++os.osx.x86_64+web.browser+web.cordova/mt-os.osx.x86_64/dev_bundle/bin/npm',
1 verbose cli   'start' ]
2 info using npm@3.10.8
3 info using node@v4.6.1
4 verbose run-script [ 'prestart', 'start', 'poststart' ]
5 info lifecycle newFrontC@~prestart: newFrontC@
6 silly lifecycle newFrontC@~prestart: no script for prestart, continuing
7 info lifecycle newFrontC@~start: newFrontC@
8 verbose lifecycle newFrontC@~start: unsafe-perm in lifecycle true
9 verbose lifecycle newFrontC@~start: PATH: /Users/kimsungkuk/.meteor/packages/meteor-tool/.1.4.1_3.1g33alb++os.osx.x86_64+web.browser+web.cordova/mt-os.osx.x86_64/dev_bundle/lib/node_modules/npm/bin/node-gyp-bin:/Volumes/Work/projects/Multivendor Solution/front-office/node_modules/.bin:/Users/kimsungkuk/.meteor/packages/meteor-tool/.1.4.1_3.1g33alb++os.osx.x86_64+web.browser+web.cordova/mt-os.osx.x86_64/dev_bundle/bin:/Users/kimsungkuk/.meteor/packages/meteor-tool/.1.4.1_3.1g33alb++os.osx.x86_64+web.browser+web.cordova/mt-os.osx.x86_64/dev_bundle/lib/node_modules/.bin:/Library/Frameworks/Python.framework/Versions/3.6/bin:/Users/kimsungkuk/.rvm/gems/ruby-2.4.0/bin:/Users/kimsungkuk/.rvm/gems/ruby-2.4.0@global/bin:/Users/kimsungkuk/.rvm/rubies/ruby-2.4.0/bin:/usr/local/bin:/usr/bin:/bin:/usr/sbin:/sbin:/Users/kimsungkuk/.rvm/bin:/Users/kimsungkuk/Library/Android/sdk/tools:/Users/kimsungkuk/Library/Android/sdk/platform-tools
10 verbose lifecycle newFrontC@~start: CWD: /Volumes/Work/projects/Multivendor Solution/front-office
11 silly lifecycle newFrontC@~start: Args: [ '-c',
11 silly lifecycle   'SET MONGO_URL=mongodb://127.0.0.1:27017/marketPlace&& meteor' ]
12 info lifecycle newFrontC@~start: Failed to exec start script
13 verbose stack Error: newFrontC@ start: `SET MONGO_URL=mongodb://127.0.0.1:27017/marketPlace&& meteor`
13 verbose stack spawn ENOENT
13 verbose stack     at ChildProcess.<anonymous> (/Users/kimsungkuk/.meteor/packages/meteor-tool/.1.4.1_3.1g33alb++os.osx.x86_64+web.browser+web.cordova/mt-os.osx.x86_64/dev_bundle/lib/node_modules/npm/lib/utils/spawn.js:33:16)
13 verbose stack     at emitTwo (events.js:87:13)
13 verbose stack     at ChildProcess.emit (events.js:172:7)
13 verbose stack     at maybeClose (internal/child_process.js:829:16)
13 verbose stack     at Process.ChildProcess._handle.onexit (internal/child_process.js:211:5)
14 verbose pkgid newFrontC@
15 verbose cwd /Volumes/Work/projects/Multivendor Solution/front-office
16 error Darwin 16.4.0
17 error argv "/Users/kimsungkuk/.meteor/packages/meteor-tool/.1.4.1_3.1g33alb++os.osx.x86_64+web.browser+web.cordova/mt-os.osx.x86_64/dev_bundle/bin/node" "/Users/kimsungkuk/.meteor/packages/meteor-tool/.1.4.1_3.1g33alb++os.osx.x86_64+web.browser+web.cordova/mt-os.osx.x86_64/dev_bundle/bin/npm" "start"
18 error node v4.6.1
19 error npm  v3.10.8
20 error file sh
21 error code ELIFECYCLE
22 error errno ENOENT
23 error syscall spawn
24 error newFrontC@ start: `SET MONGO_URL=mongodb://127.0.0.1:27017/marketPlace&& meteor`
24 error spawn ENOENT
25 error Failed at the newFrontC@ start script 'SET MONGO_URL=mongodb://127.0.0.1:27017/marketPlace&& meteor'.
25 error Make sure you have the latest version of node.js and npm installed.
25 error If you do, this is most likely a problem with the newFrontC package,
25 error not with npm itself.
25 error Tell the author that this fails on your system:
25 error     SET MONGO_URL=mongodb://127.0.0.1:27017/marketPlace&& meteor
25 error You can get information on how to open an issue for this project with:
25 error     npm bugs newFrontC
25 error Or if that isn't available, you can get their info via:
25 error     npm owner ls newFrontC
25 error There is likely additional logging output above.
26 verbose exit [ 1, true ]
